[0m12:59:42.066077 [debug] [MainThread]: Sending event: {'category': 'dbt', 'action': 'invocation', 'label': 'start', 'context': [<snowplow_tracker.self_describing_json.SelfDescribingJson object at 0x7b2f1e606800>, <snowplow_tracker.self_describing_json.SelfDescribingJson object at 0x7b2f1d7d9ae0>, <snowplow_tracker.self_describing_json.SelfDescribingJson object at 0x7b2f1cb7c160>]}


============================== 12:59:42.068149 | d6f5478a-6a95-45f0-9c3f-14d819820802 ==============================
[0m12:59:42.068149 [info ] [MainThread]: Running with dbt=1.8.4
[0m12:59:42.068583 [debug] [MainThread]: running dbt with arguments {'printer_width': '80', 'indirect_selection': 'eager', 'write_json': 'True', 'log_cache_events': 'False', 'partial_parse': 'True', 'cache_selected_only': 'False', 'profiles_dir': '/home/bernardo/.dbt', 'fail_fast': 'False', 'debug': 'False', 'log_path': 'logs', 'warn_error': 'None', 'version_check': 'True', 'use_colors': 'True', 'use_experimental_parser': 'False', 'no_print': 'None', 'quiet': 'False', 'empty': 'None', 'warn_error_options': 'WarnErrorOptions(include=[], exclude=[])', 'introspect': 'True', 'invocation_command': 'dbt init', 'static_parser': 'True', 'target_path': 'None', 'log_format': 'default', 'send_anonymous_usage_stats': 'True'}
[0m12:59:42.073467 [warn ] [MainThread]: [ConfigFolderDirectory]: Unable to parse dict {'dir': PosixPath('/home/bernardo/.dbt')}
[0m12:59:42.073788 [info ] [MainThread]: Creating dbt configuration folder at 
[0m12:59:57.577601 [debug] [MainThread]: Starter project path: /home/bernardo/Codigos/Projeto-Prefeitura/venv/lib/python3.10/site-packages/dbt/include/starter_project
[0m12:59:57.580524 [info ] [MainThread]: 
Your new dbt project "dbt_prefeitura" was created!

For more information on how to configure the profiles.yml file,
please consult the dbt documentation here:

  https://docs.getdbt.com/docs/configure-your-profile

One more thing:

Need help? Don't hesitate to reach out to us via GitHub issues or on Slack:

  https://community.getdbt.com/

Happy modeling!

[0m12:59:57.580909 [info ] [MainThread]: Setting up your profile.
[0m13:04:24.401310 [info ] [MainThread]: Profile dbt_prefeitura written to /home/bernardo/.dbt/profiles.yml using target's profile_template.yml and your supplied values. Run 'dbt debug' to validate the connection.
[0m13:04:24.402401 [debug] [MainThread]: Resource report: {"command_name": "init", "command_success": true, "command_wall_clock_time": 282.3812, "process_user_time": 0.947452, "process_kernel_time": 0.153322, "process_mem_max_rss": "91348", "process_in_blocks": "20000", "process_out_blocks": "80"}
[0m13:04:24.403024 [debug] [MainThread]: Command `dbt init` succeeded at 13:04:24.402901 after 282.38 seconds
[0m13:04:24.403444 [debug] [MainThread]: Sending event: {'category': 'dbt', 'action': 'invocation', 'label': 'end', 'context': [<snowplow_tracker.self_describing_json.SelfDescribingJson object at 0x7b2f1e606800>, <snowplow_tracker.self_describing_json.SelfDescribingJson object at 0x7b2f1d7d9ae0>, <snowplow_tracker.self_describing_json.SelfDescribingJson object at 0x7b2f1d7da830>]}
[0m13:04:24.403881 [debug] [MainThread]: Flushing usage events
[0m13:08:45.438702 [debug] [MainThread]: Sending event: {'category': 'dbt', 'action': 'invocation', 'label': 'start', 'context': [<snowplow_tracker.self_describing_json.SelfDescribingJson object at 0x78279f7da7a0>, <snowplow_tracker.self_describing_json.SelfDescribingJson object at 0x78279dd4f6a0>, <snowplow_tracker.self_describing_json.SelfDescribingJson object at 0x78279dd4ee30>]}


============================== 13:08:45.440806 | 44f11fbc-9afa-4d7d-a7be-a0842d982c1c ==============================
[0m13:08:45.440806 [info ] [MainThread]: Running with dbt=1.8.4
[0m13:08:45.441266 [debug] [MainThread]: running dbt with arguments {'printer_width': '80', 'indirect_selection': 'eager', 'log_cache_events': 'False', 'write_json': 'True', 'partial_parse': 'True', 'cache_selected_only': 'False', 'warn_error': 'None', 'debug': 'False', 'fail_fast': 'False', 'log_path': 'logs', 'profiles_dir': '/home/bernardo/.dbt', 'version_check': 'True', 'use_colors': 'True', 'use_experimental_parser': 'False', 'empty': 'None', 'quiet': 'False', 'no_print': 'None', 'warn_error_options': 'WarnErrorOptions(include=[], exclude=[])', 'static_parser': 'True', 'invocation_command': 'dbt debug', 'introspect': 'True', 'target_path': 'None', 'log_format': 'default', 'send_anonymous_usage_stats': 'True'}
[0m13:08:45.447320 [info ] [MainThread]: dbt version: 1.8.4
[0m13:08:45.447774 [info ] [MainThread]: python version: 3.10.12
[0m13:08:45.448091 [info ] [MainThread]: python path: /home/bernardo/Codigos/Projeto-Prefeitura/venv/bin/python3
[0m13:08:45.448366 [info ] [MainThread]: os info: Linux-6.5.0-44-generic-x86_64-with-glibc2.35
[0m13:08:45.489205 [info ] [MainThread]: Using profiles dir at /home/bernardo/.dbt
[0m13:08:45.489665 [info ] [MainThread]: Using profiles.yml file at /home/bernardo/.dbt/profiles.yml
[0m13:08:45.489956 [info ] [MainThread]: Using dbt_project.yml file at /home/bernardo/Codigos/Projeto-Prefeitura/dbt_project.yml
[0m13:08:45.490396 [info ] [MainThread]: adapter type: postgres
[0m13:08:45.490681 [info ] [MainThread]: adapter version: 1.8.2
[0m13:08:45.490969 [info ] [MainThread]: Configuration:
[0m13:08:45.491243 [info ] [MainThread]:   profiles.yml file [[32mOK found and valid[0m]
[0m13:08:45.491521 [info ] [MainThread]:   dbt_project.yml file [[31mERROR not found[0m]
[0m13:08:45.491798 [info ] [MainThread]: Required dependencies:
[0m13:08:45.492115 [debug] [MainThread]: Executing "git --help"
[0m13:08:45.494066 [debug] [MainThread]: STDOUT: "b"usage: git [--version] [--help] [-C <path>] [-c <name>=<value>]\n           [--exec-path[=<path>]] [--html-path] [--man-path] [--info-path]\n           [-p | --paginate | -P | --no-pager] [--no-replace-objects] [--bare]\n           [--git-dir=<path>] [--work-tree=<path>] [--namespace=<name>]\n           [--super-prefix=<path>] [--config-env=<name>=<envvar>]\n           <command> [<args>]\n\nThese are common Git commands used in various situations:\n\nstart a working area (see also: git help tutorial)\n   clone     Clone a repository into a new directory\n   init      Create an empty Git repository or reinitialize an existing one\n\nwork on the current change (see also: git help everyday)\n   add       Add file contents to the index\n   mv        Move or rename a file, a directory, or a symlink\n   restore   Restore working tree files\n   rm        Remove files from the working tree and from the index\n\nexamine the history and state (see also: git help revisions)\n   bisect    Use binary search to find the commit that introduced a bug\n   diff      Show changes between commits, commit and working tree, etc\n   grep      Print lines matching a pattern\n   log       Show commit logs\n   show      Show various types of objects\n   status    Show the working tree status\n\ngrow, mark and tweak your common history\n   branch    List, create, or delete branches\n   commit    Record changes to the repository\n   merge     Join two or more development histories together\n   rebase    Reapply commits on top of another base tip\n   reset     Reset current HEAD to the specified state\n   switch    Switch branches\n   tag       Create, list, delete or verify a tag object signed with GPG\n\ncollaborate (see also: git help workflows)\n   fetch     Download objects and refs from another repository\n   pull      Fetch from and integrate with another repository or a local branch\n   push      Update remote refs along with associated objects\n\n'git help -a' and 'git help -g' list available subcommands and some\nconcept guides. See 'git help <command>' or 'git help <concept>'\nto read about a specific subcommand or concept.\nSee 'git help git' for an overview of the system.\n""
[0m13:08:45.494449 [debug] [MainThread]: STDERR: "b''"
[0m13:08:45.494781 [info ] [MainThread]:  - git [[32mOK found[0m]

[0m13:08:45.495178 [info ] [MainThread]: Connection:
[0m13:08:45.495532 [info ] [MainThread]:   host: db
[0m13:08:45.495847 [info ] [MainThread]:   port: 5432
[0m13:08:45.496142 [info ] [MainThread]:   user: myuser
[0m13:08:45.496419 [info ] [MainThread]:   database: mydatabase
[0m13:08:45.496718 [info ] [MainThread]:   schema: public
[0m13:08:45.496999 [info ] [MainThread]:   connect_timeout: 10
[0m13:08:45.497272 [info ] [MainThread]:   role: None
[0m13:08:45.497533 [info ] [MainThread]:   search_path: None
[0m13:08:45.497798 [info ] [MainThread]:   keepalives_idle: 0
[0m13:08:45.498087 [info ] [MainThread]:   sslmode: None
[0m13:08:45.498344 [info ] [MainThread]:   sslcert: None
[0m13:08:45.498600 [info ] [MainThread]:   sslkey: None
[0m13:08:45.498854 [info ] [MainThread]:   sslrootcert: None
[0m13:08:45.499108 [info ] [MainThread]:   application_name: dbt
[0m13:08:45.499364 [info ] [MainThread]:   retries: 1
[0m13:08:45.499796 [info ] [MainThread]: Registered adapter: postgres=1.8.2
[0m13:08:45.504415 [debug] [MainThread]: Acquiring new postgres connection 'debug'
[0m13:08:45.538630 [debug] [MainThread]: Using postgres connection "debug"
[0m13:08:45.539074 [debug] [MainThread]: On debug: select 1 as id
[0m13:08:45.539369 [debug] [MainThread]: Opening a new connection, currently in state init
[0m13:08:45.540378 [debug] [MainThread]: Postgres adapter: Got a retryable error when attempting to open a postgres connection.
1 attempts remaining. Retrying in 0 seconds.
Error:
could not translate host name "db" to address: Temporary failure in name resolution

[0m13:08:45.541015 [debug] [MainThread]: Postgres adapter: Error running SQL: select 1 as id
[0m13:08:45.541305 [debug] [MainThread]: Postgres adapter: Rolling back transaction.
[0m13:08:45.541591 [debug] [MainThread]: On debug: No close available on handle
[0m13:08:45.541876 [info ] [MainThread]:   Connection test: [[31mERROR[0m]

[0m13:08:45.542263 [info ] [MainThread]: [31m2 checks failed:[0m
[0m13:08:45.542547 [info ] [MainThread]: Project loading failed for the following reason:
 project path </home/bernardo/Codigos/Projeto-Prefeitura/dbt_project.yml> not found

[0m13:08:45.542847 [info ] [MainThread]: dbt was unable to connect to the specified database.
The database returned the following error:

  >Database Error
  could not translate host name "db" to address: Temporary failure in name resolution
  

Check your database credentials and try again. For more information, visit:
https://docs.getdbt.com/docs/configure-your-profile


[0m13:08:45.543508 [debug] [MainThread]: Resource report: {"command_name": "debug", "command_wall_clock_time": 0.15179607, "process_user_time": 0.989757, "process_kernel_time": 0.119728, "process_mem_max_rss": "97860", "process_in_blocks": "56", "process_out_blocks": "32", "command_success": false}
[0m13:08:45.544209 [debug] [MainThread]: Command `dbt debug` failed at 13:08:45.544134 after 0.15 seconds
[0m13:08:45.544538 [debug] [MainThread]: Connection 'debug' was properly closed.
[0m13:08:45.544856 [debug] [MainThread]: Sending event: {'category': 'dbt', 'action': 'invocation', 'label': 'end', 'context': [<snowplow_tracker.self_describing_json.SelfDescribingJson object at 0x78279f7da7a0>, <snowplow_tracker.self_describing_json.SelfDescribingJson object at 0x78279d981540>, <snowplow_tracker.self_describing_json.SelfDescribingJson object at 0x78279d981270>]}
[0m13:08:45.545202 [debug] [MainThread]: Flushing usage events
